<?xml version="1.0" encoding="UTF-8"?>
<testsuite xmlns:xsi="http://www.w3.org/2001/XMLSchema-instance" xsi:noNamespaceSchemaLocation="https://maven.apache.org/surefire/maven-surefire-plugin/xsd/surefire-test-report-3.0.xsd" version="3.0" name="br.ce.wcaquino.UserJsonTest" time="8.413" tests="8" errors="0" skipped="0" failures="0">
  <properties>
[...]
</properties>
  <testcase name="deveVerificarLista" classname="br.ce.wcaquino.UserJsonTest" time="1.692"/>
  <testcase name="deveVerificarPrimeiroNivel" classname="br.ce.wcaquino.UserJsonTest" time="0.821"/>
  <testcase name="deveVerificarSegundoNivel" classname="br.ce.wcaquino.UserJsonTest" time="0.917"/>
  <testcase name="deveVerificarListaRaiz" classname="br.ce.wcaquino.UserJsonTest" time="0.953"/>
  <testcase name="devoUnirJsonPathComJAVA" classname="br.ce.wcaquino.UserJsonTest" time="0.996"/>
  <testcase name="deveRetornarErroUsuarioInexistente" classname="br.ce.wcaquino.UserJsonTest" time="0.919"/>
  <testcase name="deveVerificarPrimeiroNivelOutrasFormas" classname="br.ce.wcaquino.UserJsonTest" time="0.945"/>
  <testcase name="devoFazerVerificacoesAvancadas" classname="br.ce.wcaquino.UserJsonTest" time="1.168"/>
</testsuite>